<?xml version="1.0" encoding="UTF-8"?>
<testsuite name="PersonTest" tests="1" skipped="0" failures="0" errors="0" timestamp="2020-02-05T13:52:17" hostname="koketso-HP-15-Notebook-PC" time="0.009">
  <properties/>
  <testcase name="testHello" classname="PersonTest" time="0.009"/>
  <system-out><![CDATA[]]></system-out>
  <system-err><![CDATA[]]></system-err>
</testsuite>
