<?xml version="1.0" encoding="UTF-8"?>
<testsuite name="PersonTest" tests="1" skipped="0" failures="0" errors="0" timestamp="2020-02-10T09:57:38" hostname="koketso-HP-15-Notebook-PC" time="0.013">
  <properties/>
  <testcase name="testHello" classname="PersonTest" time="0.013"/>
  <system-out><![CDATA[]]></system-out>
  <system-err><![CDATA[]]></system-err>
</testsuite>
